<?xml version="1.0" encoding="UTF-8"?>
<!-- Generated by org.testng.reporters.JUnitReportReporter -->
<testsuite hostname="LAPTOP-V60NVF0P" failures="0" tests="1" name="MyRunner.TestRunner" time="19.259" errors="0" timestamp="2023-01-09T11:18:54 IST" skipped="0">
  <testcase classname="MyRunner.TestRunner" name="runScenario" time="19.259"/>
  <system-out/>
</testsuite> <!-- MyRunner.TestRunner -->
